<?xml version="1.0" encoding="UTF-8"?>
<coverage generated="1601307887239" clover="3.2.0">
  <project timestamp="1601307887240" name="All files">
    <metrics statements="13" coveredstatements="13" conditionals="11" coveredconditionals="10" methods="5" coveredmethods="5" elements="29" coveredelements="28" complexity="0" loc="13" ncloc="13" packages="1" files="1" classes="1"/>
    <file name="models.js" path="C:\Users\mokha\bootcamp\Restaurant\models.js">
      <metrics statements="13" coveredstatements="13" conditionals="11" coveredconditionals="10" methods="5" coveredmethods="5"/>
      <line num="5" count="3" type="cond" truecount="2" falsecount="0"/>
      <line num="6" count="2" type="stmt"/>
      <line num="7" count="2" type="stmt"/>
      <line num="8" count="2" type="stmt"/>
      <line num="13" count="1" type="stmt"/>
      <line num="20" count="4" type="cond" truecount="2" falsecount="0"/>
      <line num="21" count="3" type="stmt"/>
      <line num="22" count="3" type="stmt"/>
      <line num="28" count="1" type="stmt"/>
      <line num="35" count="3" type="cond" truecount="5" falsecount="1"/>
      <line num="36" count="2" type="stmt"/>
      <line num="37" count="2" type="stmt"/>
      <line num="44" count="1" type="stmt"/>
    </file>
  </project>
</coverage>
