{"C:\\Users\\mokha\\bootcamp\\Restaurant\\models.js": {"path":"C:\\Users\\mokha\\bootcamp\\Restaurant\\models.js","statementMap":{"0":{"start":{"line":5,"column":8},"end":{"line":5,"column":64}},"1":{"start":{"line":5,"column":18},"end":{"line":5,"column":64}},"2":{"start":{"line":6,"column":8},"end":{"line":6,"column":24}},"3":{"start":{"line":7,"column":8},"end":{"line":7,"column":25}},"4":{"start":{"line":8,"column":8},"end":{"line":8,"column":23}},"5":{"start":{"line":13,"column":6},"end":{"line":13,"column":27}},"6":{"start":{"line":20,"column":8},"end":{"line":20,"column":60}},"7":{"start":{"line":20,"column":19},"end":{"line":20,"column":60}},"8":{"start":{"line":21,"column":8},"end":{"line":21,"column":26}},"9":{"start":{"line":22,"column":8},"end":{"line":22,"column":22}},"10":{"start":{"line":28,"column":6},"end":{"line":28,"column":27}},"11":{"start":{"line":35,"column":8},"end":{"line":35,"column":105}},"12":{"start":{"line":35,"column":49},"end":{"line":35,"column":105}},"13":{"start":{"line":36,"column":8},"end":{"line":36,"column":24}},"14":{"start":{"line":37,"column":8},"end":{"line":37,"column":26}},"15":{"start":{"line":44,"column":0},"end":{"line":48,"column":1}}},"fnMap":{"0":{"name":"(anonymous_0)","decl":{"start":{"line":3,"column":4},"end":{"line":3,"column":5}},"loc":{"start":{"line":4,"column":4},"end":{"line":9,"column":5}},"line":4},"1":{"name":"(anonymous_1)","decl":{"start":{"line":11,"column":4},"end":{"line":11,"column":5}},"loc":{"start":{"line":12,"column":4},"end":{"line":14,"column":5}},"line":12},"2":{"name":"(anonymous_2)","decl":{"start":{"line":18,"column":4},"end":{"line":18,"column":5}},"loc":{"start":{"line":19,"column":4},"end":{"line":24,"column":5}},"line":19},"3":{"name":"(anonymous_3)","decl":{"start":{"line":26,"column":4},"end":{"line":26,"column":5}},"loc":{"start":{"line":27,"column":4},"end":{"line":29,"column":5}},"line":27},"4":{"name":"(anonymous_4)","decl":{"start":{"line":33,"column":4},"end":{"line":33,"column":5}},"loc":{"start":{"line":34,"column":4},"end":{"line":38,"column":5}},"line":34}},"branchMap":{"0":{"loc":{"start":{"line":3,"column":23},"end":{"line":3,"column":48}},"type":"default-arg","locations":[{"start":{"line":3,"column":30},"end":{"line":3,"column":48}}],"line":3},"1":{"loc":{"start":{"line":5,"column":8},"end":{"line":5,"column":64}},"type":"if","locations":[{"start":{"line":5,"column":8},"end":{"line":5,"column":64}},{"start":{"line":5,"column":8},"end":{"line":5,"column":64}}],"line":5},"2":{"loc":{"start":{"line":20,"column":8},"end":{"line":20,"column":60}},"type":"if","locations":[{"start":{"line":20,"column":8},"end":{"line":20,"column":60}},{"start":{"line":20,"column":8},"end":{"line":20,"column":60}}],"line":20},"3":{"loc":{"start":{"line":35,"column":8},"end":{"line":35,"column":105}},"type":"if","locations":[{"start":{"line":35,"column":8},"end":{"line":35,"column":105}},{"start":{"line":35,"column":8},"end":{"line":35,"column":105}}],"line":35},"4":{"loc":{"start":{"line":35,"column":11},"end":{"line":35,"column":47}},"type":"binary-expr","locations":[{"start":{"line":35,"column":12},"end":{"line":35,"column":17}},{"start":{"line":35,"column":21},"end":{"line":35,"column":27}},{"start":{"line":35,"column":32},"end":{"line":35,"column":37}},{"start":{"line":35,"column":41},"end":{"line":35,"column":47}}],"line":35}},"s":{"0":3,"1":1,"2":2,"3":2,"4":2,"5":1,"6":4,"7":1,"8":3,"9":3,"10":1,"11":3,"12":1,"13":2,"14":2,"15":1},"f":{"0":3,"1":1,"2":4,"3":1,"4":3},"b":{"0":[3],"1":[1,2],"2":[1,3],"3":[1,2],"4":[3,0,3,3]},"_coverageSchema":"1a1c01bbd47fc00a2c39e90264f33305004495a9","hash":"517671c217dbe7f033bfcbf9c07ab070a7e1ff0d"}
}
