TN:
SF:models.js
FN:3,(anonymous_0)
FN:11,(anonymous_1)
FN:18,(anonymous_2)
FN:26,(anonymous_3)
FN:33,(anonymous_4)
FNF:5
FNH:5
FNDA:3,(anonymous_0)
FNDA:1,(anonymous_1)
FNDA:4,(anonymous_2)
FNDA:1,(anonymous_3)
FNDA:3,(anonymous_4)
DA:5,3
DA:6,2
DA:7,2
DA:8,2
DA:13,1
DA:20,4
DA:21,3
DA:22,3
DA:28,1
DA:35,3
DA:36,2
DA:37,2
DA:44,1
LF:13
LH:13
BRDA:3,0,0,3
BRDA:5,1,0,1
BRDA:5,1,1,2
BRDA:20,2,0,1
BRDA:20,2,1,3
BRDA:35,3,0,1
BRDA:35,3,1,2
BRDA:35,4,0,3
BRDA:35,4,1,0
BRDA:35,4,2,3
BRDA:35,4,3,3
BRF:11
BRH:10
end_of_record
